This file contains any messages produced by compilers while
running configure, to aid debugging if configure makes a mistake.

It was created by ADS - Adaptive Data Series Index configure 1.3, which was
generated by GNU Autoconf 2.69.  Invocation command line was

  $ ./configure 

## --------- ##
## Platform. ##
## --------- ##

hostname = Kostass-MacBook-Pro.local
uname -m = x86_64
uname -r = 14.0.0
uname -s = Darwin
uname -v = Darwin Kernel Version 14.0.0: Fri Sep 19 00:26:44 PDT 2014; root:xnu-2782.1.97~2/RELEASE_X86_64

/usr/bin/uname -p = i386
/bin/uname -X     = unknown

/bin/arch              = unknown
/usr/bin/arch -k       = unknown
/usr/convex/getsysinfo = unknown
/usr/bin/hostinfo      = Mach kernel version:
	 Darwin Kernel Version 14.0.0: Fri Sep 19 00:26:44 PDT 2014; root:xnu-2782.1.97~2/RELEASE_X86_64
Kernel configured for up to 4 processors.
2 processors are physically available.
4 processors are logically available.
Processor type: i486 (Intel 80486)
Processors active: 0 1 2 3
Primary memory available: 4.00 gigabytes
Default processor set: 188 tasks, 997 threads, 4 processors
Load average: 1.99, Mach factor: 2.06
/bin/machine           = unknown
/usr/bin/oslevel       = unknown
/bin/universe          = unknown

PATH: /usr/local/bin
PATH: /usr/bin
PATH: /bin
PATH: /usr/sbin
PATH: /sbin
PATH: /opt/X11/bin
PATH: /usr/texbin
PATH: /usr/texbin/


## ----------- ##
## Core tests. ##
## ----------- ##

configure:2089: checking for a BSD-compatible install
configure:2157: result: /usr/bin/install -c
configure:2168: checking whether build environment is sane
configure:2223: result: yes
configure:2374: checking for a thread-safe mkdir -p
configure:2413: result: ./install-sh -c -d
configure:2420: checking for gawk
configure:2450: result: no
configure:2420: checking for mawk
configure:2450: result: no
configure:2420: checking for nawk
configure:2450: result: no
configure:2420: checking for awk
configure:2436: found /usr/bin/awk
configure:2447: result: awk
configure:2458: checking whether make sets $(MAKE)
configure:2480: result: yes
configure:2509: checking whether make supports nested variables
configure:2526: result: yes
configure:2692: checking for gcc
configure:2708: found /usr/bin/gcc
configure:2719: result: gcc
configure:2948: checking for C compiler version
configure:2957: gcc --version >&5
Apple LLVM version 6.0 (clang-600.0.56) (based on LLVM 3.5svn)
Target: x86_64-apple-darwin14.0.0
Thread model: posix
Configured with: --prefix=/Applications/Xcode.app/Contents/Developer/usr --with-gxx-include-dir=/Applications/Xcode.app/Contents/Developer/Platforms/MacOSX.platform/Developer/SDKs/MacOSX10.10.sdk/usr/include/c++/4.2.1
configure:2968: $? = 0
configure:2957: gcc -v >&5
Configured with: --prefix=/Applications/Xcode.app/Contents/Developer/usr --with-gxx-include-dir=/Applications/Xcode.app/Contents/Developer/Platforms/MacOSX.platform/Developer/SDKs/MacOSX10.10.sdk/usr/include/c++/4.2.1
Apple LLVM version 6.0 (clang-600.0.56) (based on LLVM 3.5svn)
Target: x86_64-apple-darwin14.0.0
Thread model: posix
configure:2968: $? = 0
configure:2957: gcc -V >&5
clang: error: argument to '-V' is missing (expected 1 value)
clang: error: no input files
configure:2968: $? = 1
configure:2957: gcc -qversion >&5
clang: error: unknown argument: '-qversion'
clang: error: no input files
configure:2968: $? = 1
configure:2988: checking whether the C compiler works
configure:3010: gcc    conftest.c  >&5
configure:3014: $? = 0
configure:3062: result: yes
configure:3065: checking for C compiler default output file name
configure:3067: result: a.out
configure:3073: checking for suffix of executables
configure:3080: gcc -o conftest    conftest.c  >&5
configure:3084: $? = 0
configure:3106: result: 
configure:3128: checking whether we are cross compiling
configure:3136: gcc -o conftest    conftest.c  >&5
configure:3140: $? = 0
configure:3147: ./conftest
configure:3151: $? = 0
configure:3166: result: no
configure:3171: checking for suffix of object files
configure:3193: gcc -c   conftest.c >&5
configure:3197: $? = 0
configure:3218: result: o
configure:3222: checking whether we are using the GNU C compiler
configure:3241: gcc -c   conftest.c >&5
configure:3241: $? = 0
configure:3250: result: yes
configure:3259: checking whether gcc accepts -g
configure:3279: gcc -c -g  conftest.c >&5
configure:3279: $? = 0
configure:3320: result: yes
configure:3337: checking for gcc option to accept ISO C89
configure:3400: gcc  -c -g -O2  conftest.c >&5
configure:3400: $? = 0
configure:3413: result: none needed
configure:3438: checking whether gcc understands -c and -o together
configure:3460: gcc -c conftest.c -o conftest2.o
configure:3463: $? = 0
configure:3460: gcc -c conftest.c -o conftest2.o
configure:3463: $? = 0
configure:3475: result: yes
configure:3503: checking for style of include used by make
configure:3531: result: GNU
configure:3557: checking dependency style of gcc
configure:3668: result: gcc3
configure:3726: checking for ranlib
configure:3742: found /usr/bin/ranlib
configure:3753: result: ranlib
configure:3782: checking how to run the C preprocessor
configure:3813: gcc -E  conftest.c
configure:3813: $? = 0
configure:3827: gcc -E  conftest.c
conftest.c:9:10: fatal error: 'ac_nonexistent.h' file not found
#include <ac_nonexistent.h>
         ^
1 error generated.
configure:3827: $? = 1
configure: failed program was:
| /* confdefs.h */
| #define PACKAGE_NAME "ADS - Adaptive Data Series Index"
| #define PACKAGE_TARNAME "libads"
| #define PACKAGE_VERSION "1.3"
| #define PACKAGE_STRING "ADS - Adaptive Data Series Index 1.3"
| #define PACKAGE_BUGREPORT "zoumpatianos@disi.unitn.eu"
| #define PACKAGE_URL "http://disi.unitn.it/~zoumpatianos"
| /* end confdefs.h.  */
| #include <ac_nonexistent.h>
configure:3852: result: gcc -E
configure:3872: gcc -E  conftest.c
configure:3872: $? = 0
configure:3886: gcc -E  conftest.c
conftest.c:9:10: fatal error: 'ac_nonexistent.h' file not found
#include <ac_nonexistent.h>
         ^
1 error generated.
configure:3886: $? = 1
configure: failed program was:
| /* confdefs.h */
| #define PACKAGE_NAME "ADS - Adaptive Data Series Index"
| #define PACKAGE_TARNAME "libads"
| #define PACKAGE_VERSION "1.3"
| #define PACKAGE_STRING "ADS - Adaptive Data Series Index 1.3"
| #define PACKAGE_BUGREPORT "zoumpatianos@disi.unitn.eu"
| #define PACKAGE_URL "http://disi.unitn.it/~zoumpatianos"
| /* end confdefs.h.  */
| #include <ac_nonexistent.h>
configure:3915: checking for grep that handles long lines and -e
configure:3973: result: /usr/bin/grep
configure:3978: checking for egrep
configure:4040: result: /usr/bin/grep -E
configure:4045: checking for ANSI C header files
configure:4065: gcc -c -g -O2  conftest.c >&5
configure:4065: $? = 0
configure:4138: gcc -o conftest -g -O2   conftest.c  >&5
configure:4138: $? = 0
configure:4138: ./conftest
configure:4138: $? = 0
configure:4149: result: yes
configure:4162: checking for sys/types.h
configure:4162: gcc -c -g -O2  conftest.c >&5
configure:4162: $? = 0
configure:4162: result: yes
configure:4162: checking for sys/stat.h
configure:4162: gcc -c -g -O2  conftest.c >&5
configure:4162: $? = 0
configure:4162: result: yes
configure:4162: checking for stdlib.h
configure:4162: gcc -c -g -O2  conftest.c >&5
configure:4162: $? = 0
configure:4162: result: yes
configure:4162: checking for string.h
configure:4162: gcc -c -g -O2  conftest.c >&5
configure:4162: $? = 0
configure:4162: result: yes
configure:4162: checking for memory.h
configure:4162: gcc -c -g -O2  conftest.c >&5
configure:4162: $? = 0
configure:4162: result: yes
configure:4162: checking for strings.h
configure:4162: gcc -c -g -O2  conftest.c >&5
configure:4162: $? = 0
configure:4162: result: yes
configure:4162: checking for inttypes.h
configure:4162: gcc -c -g -O2  conftest.c >&5
configure:4162: $? = 0
configure:4162: result: yes
configure:4162: checking for stdint.h
configure:4162: gcc -c -g -O2  conftest.c >&5
configure:4162: $? = 0
configure:4162: result: yes
configure:4162: checking for unistd.h
configure:4162: gcc -c -g -O2  conftest.c >&5
configure:4162: $? = 0
configure:4162: result: yes
configure:4174: checking values.h usability
configure:4174: gcc -c -g -O2  conftest.c >&5
conftest.c:52:10: fatal error: 'values.h' file not found
#include <values.h>
         ^
1 error generated.
configure:4174: $? = 1
configure: failed program was:
| /* confdefs.h */
| #define PACKAGE_NAME "ADS - Adaptive Data Series Index"
| #define PACKAGE_TARNAME "libads"
| #define PACKAGE_VERSION "1.3"
| #define PACKAGE_STRING "ADS - Adaptive Data Series Index 1.3"
| #define PACKAGE_BUGREPORT "zoumpatianos@disi.unitn.eu"
| #define PACKAGE_URL "http://disi.unitn.it/~zoumpatianos"
| #define STDC_HEADERS 1
| #define HAVE_SYS_TYPES_H 1
| #define HAVE_SYS_STAT_H 1
| #define HAVE_STDLIB_H 1
| #define HAVE_STRING_H 1
| #define HAVE_MEMORY_H 1
| #define HAVE_STRINGS_H 1
| #define HAVE_INTTYPES_H 1
| #define HAVE_STDINT_H 1
| #define HAVE_UNISTD_H 1
| /* end confdefs.h.  */
| #include <stdio.h>
| #ifdef HAVE_SYS_TYPES_H
| # include <sys/types.h>
| #endif
| #ifdef HAVE_SYS_STAT_H
| # include <sys/stat.h>
| #endif
| #ifdef STDC_HEADERS
| # include <stdlib.h>
| # include <stddef.h>
| #else
| # ifdef HAVE_STDLIB_H
| #  include <stdlib.h>
| # endif
| #endif
| #ifdef HAVE_STRING_H
| # if !defined STDC_HEADERS && defined HAVE_MEMORY_H
| #  include <memory.h>
| # endif
| # include <string.h>
| #endif
| #ifdef HAVE_STRINGS_H
| # include <strings.h>
| #endif
| #ifdef HAVE_INTTYPES_H
| # include <inttypes.h>
| #endif
| #ifdef HAVE_STDINT_H
| # include <stdint.h>
| #endif
| #ifdef HAVE_UNISTD_H
| # include <unistd.h>
| #endif
| #include <values.h>
configure:4174: result: no
configure:4174: checking values.h presence
configure:4174: gcc -E  conftest.c
conftest.c:19:10: fatal error: 'values.h' file not found
#include <values.h>
         ^
1 error generated.
configure:4174: $? = 1
configure: failed program was:
| /* confdefs.h */
| #define PACKAGE_NAME "ADS - Adaptive Data Series Index"
| #define PACKAGE_TARNAME "libads"
| #define PACKAGE_VERSION "1.3"
| #define PACKAGE_STRING "ADS - Adaptive Data Series Index 1.3"
| #define PACKAGE_BUGREPORT "zoumpatianos@disi.unitn.eu"
| #define PACKAGE_URL "http://disi.unitn.it/~zoumpatianos"
| #define STDC_HEADERS 1
| #define HAVE_SYS_TYPES_H 1
| #define HAVE_SYS_STAT_H 1
| #define HAVE_STDLIB_H 1
| #define HAVE_STRING_H 1
| #define HAVE_MEMORY_H 1
| #define HAVE_STRINGS_H 1
| #define HAVE_INTTYPES_H 1
| #define HAVE_STDINT_H 1
| #define HAVE_UNISTD_H 1
| /* end confdefs.h.  */
| #include <values.h>
configure:4174: result: no
configure:4174: checking for values.h
configure:4174: result: no
configure:4365: checking that generated files are newer than configure
configure:4371: result: done
configure:4394: creating ./config.status

## ---------------------- ##
## Running config.status. ##
## ---------------------- ##

This file was extended by ADS - Adaptive Data Series Index config.status 1.3, which was
generated by GNU Autoconf 2.69.  Invocation command line was

  CONFIG_FILES    = 
  CONFIG_HEADERS  = 
  CONFIG_LINKS    = 
  CONFIG_COMMANDS = 
  $ ./config.status 

on Kostass-MacBook-Pro.local

config.status:854: creating Makefile
config.status:854: creating config.h
config.status:1035: config.h is unchanged
config.status:1083: executing depfiles commands

## ---------------- ##
## Cache variables. ##
## ---------------- ##

ac_cv_c_compiler_gnu=yes
ac_cv_env_CC_set=
ac_cv_env_CC_value=
ac_cv_env_CFLAGS_set=
ac_cv_env_CFLAGS_value=
ac_cv_env_CPPFLAGS_set=
ac_cv_env_CPPFLAGS_value=
ac_cv_env_CPP_set=
ac_cv_env_CPP_value=
ac_cv_env_LDFLAGS_set=
ac_cv_env_LDFLAGS_value=
ac_cv_env_LIBS_set=
ac_cv_env_LIBS_value=
ac_cv_env_build_alias_set=
ac_cv_env_build_alias_value=
ac_cv_env_host_alias_set=
ac_cv_env_host_alias_value=
ac_cv_env_target_alias_set=
ac_cv_env_target_alias_value=
ac_cv_header_inttypes_h=yes
ac_cv_header_memory_h=yes
ac_cv_header_stdc=yes
ac_cv_header_stdint_h=yes
ac_cv_header_stdlib_h=yes
ac_cv_header_string_h=yes
ac_cv_header_strings_h=yes
ac_cv_header_sys_stat_h=yes
ac_cv_header_sys_types_h=yes
ac_cv_header_unistd_h=yes
ac_cv_header_values_h=no
ac_cv_objext=o
ac_cv_path_EGREP='/usr/bin/grep -E'
ac_cv_path_GREP=/usr/bin/grep
ac_cv_path_install='/usr/bin/install -c'
ac_cv_prog_AWK=awk
ac_cv_prog_CPP='gcc -E'
ac_cv_prog_ac_ct_CC=gcc
ac_cv_prog_ac_ct_RANLIB=ranlib
ac_cv_prog_cc_c89=
ac_cv_prog_cc_g=yes
ac_cv_prog_make_make_set=yes
am_cv_CC_dependencies_compiler_type=gcc3
am_cv_make_support_nested_variables=yes
am_cv_prog_cc_c_o=yes

## ----------------- ##
## Output variables. ##
## ----------------- ##

ACLOCAL='${SHELL} /Users/zoumpatianos/Desktop/Repositories/TRENTO/ADS-demo/ads/missing aclocal-1.14'
AMDEPBACKSLASH='\'
AMDEP_FALSE='#'
AMDEP_TRUE=''
AMTAR='$${TAR-tar}'
AM_BACKSLASH='\'
AM_DEFAULT_V='$(AM_DEFAULT_VERBOSITY)'
AM_DEFAULT_VERBOSITY='1'
AM_V='$(V)'
AUTOCONF='${SHELL} /Users/zoumpatianos/Desktop/Repositories/TRENTO/ADS-demo/ads/missing autoconf'
AUTOHEADER='${SHELL} /Users/zoumpatianos/Desktop/Repositories/TRENTO/ADS-demo/ads/missing autoheader'
AUTOMAKE='${SHELL} /Users/zoumpatianos/Desktop/Repositories/TRENTO/ADS-demo/ads/missing automake-1.14'
AWK='awk'
CC='gcc'
CCDEPMODE='depmode=gcc3'
CFLAGS='-g -O2'
CPP='gcc -E'
CPPFLAGS=''
CYGPATH_W='echo'
DEFS='-DHAVE_CONFIG_H'
DEPDIR='.deps'
ECHO_C='\c'
ECHO_N=''
ECHO_T=''
EGREP='/usr/bin/grep -E'
EXEEXT=''
GREP='/usr/bin/grep'
INSTALL_DATA='${INSTALL} -m 644'
INSTALL_PROGRAM='${INSTALL}'
INSTALL_SCRIPT='${INSTALL}'
INSTALL_STRIP_PROGRAM='$(install_sh) -c -s'
LDFLAGS=''
LIBOBJS=''
LIBS=''
LTLIBOBJS=''
MAKEINFO='${SHELL} /Users/zoumpatianos/Desktop/Repositories/TRENTO/ADS-demo/ads/missing makeinfo'
MKDIR_P='./install-sh -c -d'
OBJEXT='o'
PACKAGE='libads'
PACKAGE_BUGREPORT='zoumpatianos@disi.unitn.eu'
PACKAGE_NAME='ADS - Adaptive Data Series Index'
PACKAGE_STRING='ADS - Adaptive Data Series Index 1.3'
PACKAGE_TARNAME='libads'
PACKAGE_URL='http://disi.unitn.it/~zoumpatianos'
PACKAGE_VERSION='1.3'
PATH_SEPARATOR=':'
RANLIB='ranlib'
SET_MAKE=''
SHELL='/bin/sh'
STRIP=''
VERSION='1.3'
ac_ct_CC='gcc'
am__EXEEXT_FALSE=''
am__EXEEXT_TRUE='#'
am__fastdepCC_FALSE='#'
am__fastdepCC_TRUE=''
am__include='include'
am__isrc=''
am__leading_dot='.'
am__nodep='_no'
am__quote=''
am__tar='$${TAR-tar} chof - "$$tardir"'
am__untar='$${TAR-tar} xf -'
bindir='${exec_prefix}/bin'
build_alias=''
datadir='${datarootdir}'
datarootdir='${prefix}/share'
docdir='${datarootdir}/doc/${PACKAGE_TARNAME}'
dvidir='${docdir}'
exec_prefix='${prefix}'
host_alias=''
htmldir='${docdir}'
includedir='${prefix}/include'
infodir='${datarootdir}/info'
install_sh='${SHELL} /Users/zoumpatianos/Desktop/Repositories/TRENTO/ADS-demo/ads/install-sh'
libdir='${exec_prefix}/lib'
libexecdir='${exec_prefix}/libexec'
localedir='${datarootdir}/locale'
localstatedir='${prefix}/var'
mandir='${datarootdir}/man'
mkdir_p='$(MKDIR_P)'
oldincludedir='/usr/include'
pdfdir='${docdir}'
prefix='/usr/local'
program_transform_name='s,x,x,'
psdir='${docdir}'
sbindir='${exec_prefix}/sbin'
sharedstatedir='${prefix}/com'
sysconfdir='${prefix}/etc'
target_alias=''

## ----------- ##
## confdefs.h. ##
## ----------- ##

/* confdefs.h */
#define PACKAGE_NAME "ADS - Adaptive Data Series Index"
#define PACKAGE_TARNAME "libads"
#define PACKAGE_VERSION "1.3"
#define PACKAGE_STRING "ADS - Adaptive Data Series Index 1.3"
#define PACKAGE_BUGREPORT "zoumpatianos@disi.unitn.eu"
#define PACKAGE_URL "http://disi.unitn.it/~zoumpatianos"
#define STDC_HEADERS 1
#define HAVE_SYS_TYPES_H 1
#define HAVE_SYS_STAT_H 1
#define HAVE_STDLIB_H 1
#define HAVE_STRING_H 1
#define HAVE_MEMORY_H 1
#define HAVE_STRINGS_H 1
#define HAVE_INTTYPES_H 1
#define HAVE_STDINT_H 1
#define HAVE_UNISTD_H 1
#define BENCHMARK /**/
#define VERBOSE 0

configure: exit 0

## ---------------------- ##
## Running config.status. ##
## ---------------------- ##

This file was extended by ADS - Adaptive Data Series Index config.status 1.3, which was
generated by GNU Autoconf 2.69.  Invocation command line was

  CONFIG_FILES    = 
  CONFIG_HEADERS  = 
  CONFIG_LINKS    = 
  CONFIG_COMMANDS = 
  $ ./config.status Makefile depfiles

on Kostass-MacBook-Pro.local

config.status:854: creating Makefile
config.status:1083: executing depfiles commands

## ---------------------- ##
## Running config.status. ##
## ---------------------- ##

This file was extended by ADS - Adaptive Data Series Index config.status 1.3, which was
generated by GNU Autoconf 2.69.  Invocation command line was

  CONFIG_FILES    = 
  CONFIG_HEADERS  = 
  CONFIG_LINKS    = 
  CONFIG_COMMANDS = 
  $ ./config.status Makefile depfiles

on Kostass-MacBook-Pro.local

config.status:854: creating Makefile
config.status:1083: executing depfiles commands

## ---------------------- ##
## Running config.status. ##
## ---------------------- ##

This file was extended by ADS - Adaptive Data Series Index config.status 1.3, which was
generated by GNU Autoconf 2.69.  Invocation command line was

  CONFIG_FILES    = 
  CONFIG_HEADERS  = 
  CONFIG_LINKS    = 
  CONFIG_COMMANDS = 
  $ ./config.status Makefile depfiles

on Kostass-MacBook-Pro.local

config.status:854: creating Makefile
config.status:1083: executing depfiles commands

## ---------------------- ##
## Running config.status. ##
## ---------------------- ##

This file was extended by ADS - Adaptive Data Series Index config.status 1.3, which was
generated by GNU Autoconf 2.69.  Invocation command line was

  CONFIG_FILES    = 
  CONFIG_HEADERS  = 
  CONFIG_LINKS    = 
  CONFIG_COMMANDS = 
  $ ./config.status Makefile depfiles

on Kostass-MacBook-Pro.local

config.status:854: creating Makefile
config.status:1083: executing depfiles commands

## ---------------------- ##
## Running config.status. ##
## ---------------------- ##

This file was extended by ADS - Adaptive Data Series Index config.status 1.3, which was
generated by GNU Autoconf 2.69.  Invocation command line was

  CONFIG_FILES    = 
  CONFIG_HEADERS  = 
  CONFIG_LINKS    = 
  CONFIG_COMMANDS = 
  $ ./config.status Makefile depfiles

on Kostass-MacBook-Pro.local

config.status:854: creating Makefile
config.status:1083: executing depfiles commands

## ---------------------- ##
## Running config.status. ##
## ---------------------- ##

This file was extended by ADS - Adaptive Data Series Index config.status 1.3, which was
generated by GNU Autoconf 2.69.  Invocation command line was

  CONFIG_FILES    = 
  CONFIG_HEADERS  = 
  CONFIG_LINKS    = 
  CONFIG_COMMANDS = 
  $ ./config.status Makefile depfiles

on Kostass-MacBook-Pro.local

config.status:854: creating Makefile
config.status:1083: executing depfiles commands

## ---------------------- ##
## Running config.status. ##
## ---------------------- ##

This file was extended by ADS - Adaptive Data Series Index config.status 1.3, which was
generated by GNU Autoconf 2.69.  Invocation command line was

  CONFIG_FILES    = 
  CONFIG_HEADERS  = 
  CONFIG_LINKS    = 
  CONFIG_COMMANDS = 
  $ ./config.status Makefile depfiles

on Kostass-MacBook-Pro.local

config.status:854: creating Makefile
config.status:1083: executing depfiles commands

## ---------------------- ##
## Running config.status. ##
## ---------------------- ##

This file was extended by ADS - Adaptive Data Series Index config.status 1.3, which was
generated by GNU Autoconf 2.69.  Invocation command line was

  CONFIG_FILES    = 
  CONFIG_HEADERS  = 
  CONFIG_LINKS    = 
  CONFIG_COMMANDS = 
  $ ./config.status Makefile depfiles

on Kostass-MacBook-Pro.local

config.status:854: creating Makefile
config.status:1083: executing depfiles commands

## ---------------------- ##
## Running config.status. ##
## ---------------------- ##

This file was extended by ADS - Adaptive Data Series Index config.status 1.3, which was
generated by GNU Autoconf 2.69.  Invocation command line was

  CONFIG_FILES    = 
  CONFIG_HEADERS  = 
  CONFIG_LINKS    = 
  CONFIG_COMMANDS = 
  $ ./config.status Makefile depfiles

on Kostass-MacBook-Pro.local

config.status:854: creating Makefile
config.status:1083: executing depfiles commands

## ---------------------- ##
## Running config.status. ##
## ---------------------- ##

This file was extended by ADS - Adaptive Data Series Index config.status 1.3, which was
generated by GNU Autoconf 2.69.  Invocation command line was

  CONFIG_FILES    = 
  CONFIG_HEADERS  = 
  CONFIG_LINKS    = 
  CONFIG_COMMANDS = 
  $ ./config.status Makefile depfiles

on Kostass-MacBook-Pro.local

config.status:854: creating Makefile
config.status:1083: executing depfiles commands

## ---------------------- ##
## Running config.status. ##
## ---------------------- ##

This file was extended by ADS - Adaptive Data Series Index config.status 1.3, which was
generated by GNU Autoconf 2.69.  Invocation command line was

  CONFIG_FILES    = 
  CONFIG_HEADERS  = 
  CONFIG_LINKS    = 
  CONFIG_COMMANDS = 
  $ ./config.status Makefile depfiles

on Kostass-MacBook-Pro.local

config.status:854: creating Makefile
config.status:1083: executing depfiles commands

## ---------------------- ##
## Running config.status. ##
## ---------------------- ##

This file was extended by ADS - Adaptive Data Series Index config.status 1.3, which was
generated by GNU Autoconf 2.69.  Invocation command line was

  CONFIG_FILES    = 
  CONFIG_HEADERS  = 
  CONFIG_LINKS    = 
  CONFIG_COMMANDS = 
  $ ./config.status Makefile depfiles

on Kostass-MacBook-Pro.local

config.status:854: creating Makefile
config.status:1083: executing depfiles commands

## ---------------------- ##
## Running config.status. ##
## ---------------------- ##

This file was extended by ADS - Adaptive Data Series Index config.status 1.3, which was
generated by GNU Autoconf 2.69.  Invocation command line was

  CONFIG_FILES    = 
  CONFIG_HEADERS  = 
  CONFIG_LINKS    = 
  CONFIG_COMMANDS = 
  $ ./config.status Makefile depfiles

on Kostass-MacBook-Pro.local

config.status:854: creating Makefile
config.status:1083: executing depfiles commands

## ---------------------- ##
## Running config.status. ##
## ---------------------- ##

This file was extended by ADS - Adaptive Data Series Index config.status 1.3, which was
generated by GNU Autoconf 2.69.  Invocation command line was

  CONFIG_FILES    = 
  CONFIG_HEADERS  = 
  CONFIG_LINKS    = 
  CONFIG_COMMANDS = 
  $ ./config.status Makefile depfiles

on Kostass-MacBook-Pro.local

config.status:854: creating Makefile
config.status:1083: executing depfiles commands
